Determining if the pthread_create exist failed with the following output:
Change Dir: /home/human/Documents/catkin_ws/build/CMakeFiles/CMakeTmp

Run Build Command:"/usr/bin/make" "cmTC_91486/fast"
/usr/bin/make -f CMakeFiles/cmTC_91486.dir/build.make CMakeFiles/cmTC_91486.dir/build
make[1]: Entering directory '/home/human/Documents/catkin_ws/build/CMakeFiles/CMakeTmp'
Building C object CMakeFiles/cmTC_91486.dir/CheckSymbolExists.c.o
/usr/bin/cc     -o CMakeFiles/cmTC_91486.dir/CheckSymbolExists.c.o   -c /home/human/Documents/catkin_ws/build/CMakeFiles/CMakeTmp/CheckSymbolExists.c
Linking C executable cmTC_91486
/usr/bin/cmake -E cmake_link_script CMakeFiles/cmTC_91486.dir/link.txt --verbose=1
/usr/bin/cc       CMakeFiles/cmTC_91486.dir/CheckSymbolExists.c.o  -o cmTC_91486 -rdynamic 
CMakeFiles/cmTC_91486.dir/CheckSymbolExists.c.o: In function `main':
CheckSymbolExists.c:(.text+0x16): undefined reference to `pthread_create'
collect2: error: ld returned 1 exit status
CMakeFiles/cmTC_91486.dir/build.make:97: recipe for target 'cmTC_91486' failed
make[1]: *** [cmTC_91486] Error 1
make[1]: Leaving directory '/home/human/Documents/catkin_ws/build/CMakeFiles/CMakeTmp'
Makefile:126: recipe for target 'cmTC_91486/fast' failed
make: *** [cmTC_91486/fast] Error 2

File /home/human/Documents/catkin_ws/build/CMakeFiles/CMakeTmp/CheckSymbolExists.c:
/* */
#include <pthread.h>

int main(int argc, char** argv)
{
  (void)argv;
#ifndef pthread_create
  return ((int*)(&pthread_create))[argc];
#else
  (void)argc;
  return 0;
#endif
}

Determining if the function pthread_create exists in the pthreads failed with the following output:
Change Dir: /home/human/Documents/catkin_ws/build/CMakeFiles/CMakeTmp

Run Build Command:"/usr/bin/make" "cmTC_e0c0f/fast"
/usr/bin/make -f CMakeFiles/cmTC_e0c0f.dir/build.make CMakeFiles/cmTC_e0c0f.dir/build
make[1]: Entering directory '/home/human/Documents/catkin_ws/build/CMakeFiles/CMakeTmp'
Building C object CMakeFiles/cmTC_e0c0f.dir/CheckFunctionExists.c.o
/usr/bin/cc    -DCHECK_FUNCTION_EXISTS=pthread_create   -o CMakeFiles/cmTC_e0c0f.dir/CheckFunctionExists.c.o   -c /usr/share/cmake-3.5/Modules/CheckFunctionExists.c
Linking C executable cmTC_e0c0f
/usr/bin/cmake -E cmake_link_script CMakeFiles/cmTC_e0c0f.dir/link.txt --verbose=1
/usr/bin/cc   -DCHECK_FUNCTION_EXISTS=pthread_create    CMakeFiles/cmTC_e0c0f.dir/CheckFunctionExists.c.o  -o cmTC_e0c0f -rdynamic -lpthreads 
/usr/bin/ld: cannot find -lpthreads
collect2: error: ld returned 1 exit status
CMakeFiles/cmTC_e0c0f.dir/build.make:97: recipe for target 'cmTC_e0c0f' failed
make[1]: *** [cmTC_e0c0f] Error 1
make[1]: Leaving directory '/home/human/Documents/catkin_ws/build/CMakeFiles/CMakeTmp'
Makefile:126: recipe for target 'cmTC_e0c0f/fast' failed
make: *** [cmTC_e0c0f/fast] Error 2


