Determining if the pthread_create exist failed with the following output:
Change Dir: /home/human/Documents/catkin_ws/src/CMakeFiles/CMakeTmp

Run Build Command:"/usr/bin/make" "cmTC_18b3b/fast"
/usr/bin/make -f CMakeFiles/cmTC_18b3b.dir/build.make CMakeFiles/cmTC_18b3b.dir/build
make[1]: Entering directory '/home/human/Documents/catkin_ws/src/CMakeFiles/CMakeTmp'
Building C object CMakeFiles/cmTC_18b3b.dir/CheckSymbolExists.c.o
/usr/bin/cc     -o CMakeFiles/cmTC_18b3b.dir/CheckSymbolExists.c.o   -c /home/human/Documents/catkin_ws/src/CMakeFiles/CMakeTmp/CheckSymbolExists.c
Linking C executable cmTC_18b3b
/usr/bin/cmake -E cmake_link_script CMakeFiles/cmTC_18b3b.dir/link.txt --verbose=1
/usr/bin/cc       CMakeFiles/cmTC_18b3b.dir/CheckSymbolExists.c.o  -o cmTC_18b3b -rdynamic 
CMakeFiles/cmTC_18b3b.dir/CheckSymbolExists.c.o: In function `main':
CheckSymbolExists.c:(.text+0x16): undefined reference to `pthread_create'
collect2: error: ld returned 1 exit status
CMakeFiles/cmTC_18b3b.dir/build.make:97: recipe for target 'cmTC_18b3b' failed
make[1]: *** [cmTC_18b3b] Error 1
make[1]: Leaving directory '/home/human/Documents/catkin_ws/src/CMakeFiles/CMakeTmp'
Makefile:126: recipe for target 'cmTC_18b3b/fast' failed
make: *** [cmTC_18b3b/fast] Error 2

File /home/human/Documents/catkin_ws/src/CMakeFiles/CMakeTmp/CheckSymbolExists.c:
/* */
#include <pthread.h>

int main(int argc, char** argv)
{
  (void)argv;
#ifndef pthread_create
  return ((int*)(&pthread_create))[argc];
#else
  (void)argc;
  return 0;
#endif
}

Determining if the function pthread_create exists in the pthreads failed with the following output:
Change Dir: /home/human/Documents/catkin_ws/src/CMakeFiles/CMakeTmp

Run Build Command:"/usr/bin/make" "cmTC_1aaad/fast"
/usr/bin/make -f CMakeFiles/cmTC_1aaad.dir/build.make CMakeFiles/cmTC_1aaad.dir/build
make[1]: Entering directory '/home/human/Documents/catkin_ws/src/CMakeFiles/CMakeTmp'
Building C object CMakeFiles/cmTC_1aaad.dir/CheckFunctionExists.c.o
/usr/bin/cc    -DCHECK_FUNCTION_EXISTS=pthread_create   -o CMakeFiles/cmTC_1aaad.dir/CheckFunctionExists.c.o   -c /usr/share/cmake-3.5/Modules/CheckFunctionExists.c
Linking C executable cmTC_1aaad
/usr/bin/cmake -E cmake_link_script CMakeFiles/cmTC_1aaad.dir/link.txt --verbose=1
/usr/bin/cc   -DCHECK_FUNCTION_EXISTS=pthread_create    CMakeFiles/cmTC_1aaad.dir/CheckFunctionExists.c.o  -o cmTC_1aaad -rdynamic -lpthreads 
/usr/bin/ld: cannot find -lpthreads
collect2: error: ld returned 1 exit status
CMakeFiles/cmTC_1aaad.dir/build.make:97: recipe for target 'cmTC_1aaad' failed
make[1]: *** [cmTC_1aaad] Error 1
make[1]: Leaving directory '/home/human/Documents/catkin_ws/src/CMakeFiles/CMakeTmp'
Makefile:126: recipe for target 'cmTC_1aaad/fast' failed
make: *** [cmTC_1aaad/fast] Error 2


